<?xml version="1.0" encoding="UTF-8"?>
<!-- Generated by org.testng.reporters.JUnitXMLReporter -->
<testsuite ignored="0" hostname="bansahu-PF17URY2" failures="0" tests="3" name="Test" time="0.067" errors="0" timestamp="13 Oct 2023 05:01:23 GMT">
  <testcase classname="testNgselenium.ParametersTestNg" name="add" time="0.017"/>
  <testcase classname="testNgselenium.ParametersTestNg" name="multiple" time="0.002"/>
  <testcase classname="testNgselenium.ParametersTestNg" name="sub" time="0.001"/>
</testsuite> <!-- Test -->
