<?xml version="1.0" encoding="UTF-8"?>
<testng-results ignored="0" total="1" passed="1" failed="0" skipped="0">
  <reporter-output>
  </reporter-output>
  <suite started-at="2023-10-09T02:20:26Z" name="Default suite" finished-at="2023-10-09T02:20:47Z" duration-ms="21166">
    <groups>
    </groups>
    <test started-at="2023-10-09T02:20:26Z" name="Default test" finished-at="2023-10-09T02:20:47Z" duration-ms="21166">
      <class name="com.first.selenium.demo.Practicedemo">
        <test-method is-config="true" signature="setup()[pri:0, instance:com.first.selenium.demo.Practicedemo@2f7298b]" started-at="2023-10-09T02:20:26Z" name="setup" finished-at="2023-10-09T02:20:43Z" duration-ms="17063" status="PASS">
          <reporter-output>
          </reporter-output>
        </test-method> <!-- setup -->
        <test-method signature="test()[pri:0, instance:com.first.selenium.demo.Practicedemo@2f7298b]" started-at="2023-10-09T02:20:43Z" name="test" finished-at="2023-10-09T02:20:47Z" duration-ms="4026" status="PASS">
          <reporter-output>
          </reporter-output>
        </test-method> <!-- test -->
      </class> <!-- com.first.selenium.demo.Practicedemo -->
    </test> <!-- Default test -->
  </suite> <!-- Default suite -->
</testng-results>
